[ 2015-09-17T09:22:21+08:00 ] 127.0.0.1 /index.php?s=/public/login.html
INFO: [ app_begin ] --START--
INFO: Run Think\Behavior\ReadHtmlCache [ RunTime:0.000000s ]
INFO: [ app_begin ] --END-- [ RunTime:0.001000s ]
INFO: [ action_begin ] --START--
INFO: [ action_begin ] --END-- [ RunTime:0.001000s ]
NOTIC: [8192] mysql_connect(): The mysql extension is deprecated and will be removed in the future: use mysqli or PDO instead C:\wamp\www\tourism\ThinkPHP\Library\Think\Db\Driver\Mysql.class.php 第 52 行.
SQL: SHOW COLUMNS FROM `tv_ucenter_member` [ RunTime:0.000000s ]
SQL: SELECT * FROM `tv_ucenter_member` WHERE ( `username` = ' admin' ) LIMIT 1   [ RunTime:0.015600s ]

[ 2015-09-17T09:22:34+08:00 ] 127.0.0.1 /index.php?s=/public/login.html
INFO: [ app_begin ] --START--
INFO: Run Think\Behavior\ReadHtmlCache [ RunTime:0.000000s ]
INFO: [ app_begin ] --END-- [ RunTime:0.000000s ]
INFO: [ action_begin ] --START--
INFO: [ action_begin ] --END-- [ RunTime:0.000000s ]
NOTIC: [8192] mysql_connect(): The mysql extension is deprecated and will be removed in the future: use mysqli or PDO instead C:\wamp\www\tourism\ThinkPHP\Library\Think\Db\Driver\Mysql.class.php 第 52 行.
SQL: SHOW COLUMNS FROM `tv_ucenter_member` [ RunTime:0.021600s ]
SQL: SELECT * FROM `tv_ucenter_member` WHERE ( `username` = ' admin' ) LIMIT 1   [ RunTime:0.017001s ]

[ 2015-09-17T09:22:47+08:00 ] 127.0.0.1 /index.php?s=/public/login.html
INFO: [ app_begin ] --START--
INFO: Run Think\Behavior\ReadHtmlCache [ RunTime:0.001000s ]
INFO: [ app_begin ] --END-- [ RunTime:0.001000s ]
INFO: [ action_begin ] --START--
INFO: [ action_begin ] --END-- [ RunTime:0.000000s ]
NOTIC: [8192] mysql_connect(): The mysql extension is deprecated and will be removed in the future: use mysqli or PDO instead C:\wamp\www\tourism\ThinkPHP\Library\Think\Db\Driver\Mysql.class.php 第 52 行.
SQL: SHOW COLUMNS FROM `tv_ucenter_member` [ RunTime:0.015600s ]
SQL: SELECT * FROM `tv_ucenter_member` WHERE ( `username` = 'admin' ) LIMIT 1   [ RunTime:0.033200s ]
SQL: UPDATE `tv_ucenter_member` SET `last_login_time`=1442452966,`last_login_ip`='2130706433' WHERE ( `id` = 1 ) [ RunTime:0.010000s ]
NOTIC: [8192] mysql_connect(): The mysql extension is deprecated and will be removed in the future: use mysqli or PDO instead C:\wamp\www\tourism\ThinkPHP\Library\Think\Db\Driver\Mysql.class.php 第 52 行.
SQL: SHOW COLUMNS FROM `tv_member` [ RunTime:0.015600s ]
SQL: SELECT `uid`,`face_max_url`,`face_min_url`,`hobby_id`,`realname`,`IDcard`,`nickname`,`sex`,`birthday`,`qq`,`score`,`login`,`reg_ip`,`reg_time`,`last_login_ip`,`last_login_time`,`update_time`,`type`,`vip_id`,`imei`,`mobile_model` FROM `tv_member` WHERE ( `uid` = 1 ) LIMIT 1   [ RunTime:0.015600s ]
SQL: SHOW COLUMNS FROM `tv_action` [ RunTime:0.000000s ]
SQL: SELECT * FROM `tv_action` WHERE ( `name` = 'user_login' ) LIMIT 1   [ RunTime:0.022601s ]
SQL: UPDATE `tv_member` SET `login`=`login`+1,`last_login_time`=1442452966,`last_login_ip`='2130706433' WHERE ( `uid` = 1 ) [ RunTime:0.031200s ]

[ 2015-09-17T09:23:24+08:00 ] 127.0.0.1 /index.php?s=/home/infor_changestatus/method/forbidUser/id/11.html
INFO: [ app_begin ] --START--
INFO: Run Think\Behavior\ReadHtmlCache [ RunTime:0.000000s ]
INFO: [ app_begin ] --END-- [ RunTime:0.000000s ]
INFO: [ action_begin ] --START--
INFO: [ action_begin ] --END-- [ RunTime:0.001000s ]
NOTIC: [8192] mysql_connect(): The mysql extension is deprecated and will be removed in the future: use mysqli or PDO instead C:\wamp\www\tourism\ThinkPHP\Library\Think\Db\Driver\Mysql.class.php 第 52 行.
SQL: SHOW COLUMNS FROM `tv_news` [ RunTime:0.015600s ]
SQL: UPDATE `tv_news` SET `status`=0 WHERE ( `id` IN ('11') ) [ RunTime:0.000000s ]

[ 2015-09-17T10:17:56+08:00 ] 127.0.0.1 /index.php?s=/region/action.html&parent_id=1&type=1
INFO: [ app_begin ] --START--
INFO: Run Think\Behavior\ReadHtmlCache [ RunTime:0.000000s ]
INFO: [ app_begin ] --END-- [ RunTime:0.000000s ]
INFO: [ action_begin ] --START--
INFO: [ action_begin ] --END-- [ RunTime:0.000000s ]
NOTIC: [8192] mysql_connect(): The mysql extension is deprecated and will be removed in the future: use mysqli or PDO instead C:\wamp\www\tourism\ThinkPHP\Library\Think\Db\Driver\Mysql.class.php 第 52 行.
SQL: SHOW COLUMNS FROM `tv_global_region` [ RunTime:0.011001s ]
SQL: SELECT * FROM `tv_global_region` WHERE ( parent_id=1 and region_type=1 )  [ RunTime:0.008000s ]
INFO: [ app_end ] --START--
INFO: Run Think\Behavior\ShowPageTrace [ RunTime:0.000000s ]
INFO: [ app_end ] --END-- [ RunTime:0.000000s ]

[ 2015-09-17T10:17:57+08:00 ] 127.0.0.1 /index.php?s=/region/action.html&parent_id=82&type=3
INFO: [ app_begin ] --START--
INFO: Run Think\Behavior\ReadHtmlCache [ RunTime:0.000000s ]
INFO: [ app_begin ] --END-- [ RunTime:0.000000s ]
INFO: [ action_begin ] --START--
INFO: [ action_begin ] --END-- [ RunTime:0.000000s ]
NOTIC: [8192] mysql_connect(): The mysql extension is deprecated and will be removed in the future: use mysqli or PDO instead C:\wamp\www\tourism\ThinkPHP\Library\Think\Db\Driver\Mysql.class.php 第 52 行.
SQL: SHOW COLUMNS FROM `tv_global_region` [ RunTime:0.014001s ]
SQL: SELECT * FROM `tv_global_region` WHERE ( parent_id=82 and region_type=3 )  [ RunTime:0.010001s ]
INFO: [ app_end ] --START--
INFO: Run Think\Behavior\ShowPageTrace [ RunTime:0.000000s ]
INFO: [ app_end ] --END-- [ RunTime:0.000000s ]

[ 2015-09-17T10:17:58+08:00 ] 127.0.0.1 /index.php?s=/region/action.html&parent_id=6&type=2
INFO: [ app_begin ] --START--
INFO: Run Think\Behavior\ReadHtmlCache [ RunTime:0.000000s ]
INFO: [ app_begin ] --END-- [ RunTime:0.001000s ]
INFO: [ action_begin ] --START--
INFO: [ action_begin ] --END-- [ RunTime:0.001000s ]
NOTIC: [8192] mysql_connect(): The mysql extension is deprecated and will be removed in the future: use mysqli or PDO instead C:\wamp\www\tourism\ThinkPHP\Library\Think\Db\Driver\Mysql.class.php 第 52 行.
SQL: SHOW COLUMNS FROM `tv_global_region` [ RunTime:0.010000s ]
SQL: SELECT * FROM `tv_global_region` WHERE ( parent_id=6 and region_type=2 )  [ RunTime:0.013001s ]
INFO: [ app_end ] --START--
INFO: Run Think\Behavior\ShowPageTrace [ RunTime:0.001000s ]
INFO: [ app_end ] --END-- [ RunTime:0.001000s ]

[ 2015-09-17T10:38:39+08:00 ] 127.0.0.1 /index.php?s=/public/login.html
INFO: [ app_begin ] --START--
INFO: Run Think\Behavior\ReadHtmlCache [ RunTime:0.000000s ]
INFO: [ app_begin ] --END-- [ RunTime:0.001000s ]
INFO: [ action_begin ] --START--
INFO: [ action_begin ] --END-- [ RunTime:0.000000s ]
NOTIC: [8192] mysql_connect(): The mysql extension is deprecated and will be removed in the future: use mysqli or PDO instead C:\wamp\www\tourism\ThinkPHP\Library\Think\Db\Driver\Mysql.class.php 第 52 行.
SQL: SHOW COLUMNS FROM `tv_ucenter_member` [ RunTime:0.009001s ]
SQL: SELECT * FROM `tv_ucenter_member` WHERE ( `username` = 'admin' ) LIMIT 1   [ RunTime:0.007000s ]
SQL: UPDATE `tv_ucenter_member` SET `last_login_time`=1442457519,`last_login_ip`='2130706433' WHERE ( `id` = 1 ) [ RunTime:0.007001s ]
NOTIC: [8192] mysql_connect(): The mysql extension is deprecated and will be removed in the future: use mysqli or PDO instead C:\wamp\www\tourism\ThinkPHP\Library\Think\Db\Driver\Mysql.class.php 第 52 行.
SQL: SHOW COLUMNS FROM `tv_member` [ RunTime:0.010001s ]
SQL: SELECT `uid`,`face_max_url`,`face_min_url`,`hobby_id`,`realname`,`IDcard`,`nickname`,`sex`,`birthday`,`qq`,`score`,`login`,`reg_ip`,`reg_time`,`last_login_ip`,`last_login_time`,`update_time`,`type`,`vip_id`,`imei`,`mobile_model` FROM `tv_member` WHERE ( `uid` = 1 ) LIMIT 1   [ RunTime:0.012001s ]
SQL: SHOW COLUMNS FROM `tv_action` [ RunTime:0.010000s ]
SQL: SELECT * FROM `tv_action` WHERE ( `name` = 'user_login' ) LIMIT 1   [ RunTime:0.010001s ]
SQL: UPDATE `tv_member` SET `login`=`login`+1,`last_login_time`=1442457519,`last_login_ip`='2130706433' WHERE ( `uid` = 1 ) [ RunTime:0.008000s ]

[ 2015-09-17T10:51:13+08:00 ] 127.0.0.1 /index.php?s=/public/login.html
INFO: [ app_begin ] --START--
INFO: Run Think\Behavior\ReadHtmlCache [ RunTime:0.000000s ]
INFO: [ app_begin ] --END-- [ RunTime:0.001000s ]
INFO: [ action_begin ] --START--
INFO: [ action_begin ] --END-- [ RunTime:0.000000s ]

[ 2015-09-17T10:51:17+08:00 ] 127.0.0.1 /index.php?s=/public/login.html
INFO: [ app_begin ] --START--
INFO: Run Think\Behavior\ReadHtmlCache [ RunTime:0.000000s ]
INFO: [ app_begin ] --END-- [ RunTime:0.001000s ]
INFO: [ action_begin ] --START--
INFO: [ action_begin ] --END-- [ RunTime:0.000000s ]
NOTIC: [8192] mysql_connect(): The mysql extension is deprecated and will be removed in the future: use mysqli or PDO instead C:\wamp\www\tourism\ThinkPHP\Library\Think\Db\Driver\Mysql.class.php 第 52 行.
SQL: SHOW COLUMNS FROM `tv_ucenter_member` [ RunTime:0.012001s ]
SQL: SELECT * FROM `tv_ucenter_member` WHERE ( `username` = 'admin' ) LIMIT 1   [ RunTime:0.012001s ]
SQL: UPDATE `tv_ucenter_member` SET `last_login_time`=1442458277,`last_login_ip`='2130706433' WHERE ( `id` = 1 ) [ RunTime:0.009000s ]
NOTIC: [8192] mysql_connect(): The mysql extension is deprecated and will be removed in the future: use mysqli or PDO instead C:\wamp\www\tourism\ThinkPHP\Library\Think\Db\Driver\Mysql.class.php 第 52 行.
SQL: SHOW COLUMNS FROM `tv_member` [ RunTime:0.016001s ]
SQL: SELECT `uid`,`face_max_url`,`face_min_url`,`hobby_id`,`realname`,`IDcard`,`nickname`,`sex`,`birthday`,`qq`,`score`,`login`,`reg_ip`,`reg_time`,`last_login_ip`,`last_login_time`,`update_time`,`type`,`vip_id`,`imei`,`mobile_model` FROM `tv_member` WHERE ( `uid` = 1 ) LIMIT 1   [ RunTime:0.014001s ]
SQL: SHOW COLUMNS FROM `tv_action` [ RunTime:0.008000s ]
SQL: SELECT * FROM `tv_action` WHERE ( `name` = 'user_login' ) LIMIT 1   [ RunTime:0.011001s ]
SQL: UPDATE `tv_member` SET `login`=`login`+1,`last_login_time`=1442458277,`last_login_ip`='2130706433' WHERE ( `uid` = 1 ) [ RunTime:0.007001s ]

