[ 2015-08-31T08:52:04+08:00 ] 127.0.0.1 /index.php?s=/public/login.html
INFO: [ app_begin ] --START--
INFO: Run Think\Behavior\ReadHtmlCache [ RunTime:0.001000s ]
INFO: [ app_begin ] --END-- [ RunTime:0.001000s ]
INFO: [ action_begin ] --START--
INFO: [ action_begin ] --END-- [ RunTime:0.000000s ]

[ 2015-08-31T08:52:09+08:00 ] 127.0.0.1 /index.php?s=/public/login.html
INFO: [ app_begin ] --START--
INFO: Run Think\Behavior\ReadHtmlCache [ RunTime:0.000000s ]
INFO: [ app_begin ] --END-- [ RunTime:0.001000s ]
INFO: [ action_begin ] --START--
INFO: [ action_begin ] --END-- [ RunTime:0.000000s ]
NOTIC: [8192] mysql_connect(): The mysql extension is deprecated and will be removed in the future: use mysqli or PDO instead C:\wamp\www\tourism\ThinkPHP\Library\Think\Db\Driver\Mysql.class.php 第 52 行.
SQL: SHOW COLUMNS FROM `tv_ucenter_member` [ RunTime:0.011000s ]
SQL: SELECT * FROM `tv_ucenter_member` WHERE ( `username` = 'admin' ) LIMIT 1   [ RunTime:0.011001s ]
SQL: UPDATE `tv_ucenter_member` SET `last_login_time`=1440982328,`last_login_ip`='2130706433' WHERE ( `id` = 1 ) [ RunTime:0.011000s ]
NOTIC: [8192] mysql_connect(): The mysql extension is deprecated and will be removed in the future: use mysqli or PDO instead C:\wamp\www\tourism\ThinkPHP\Library\Think\Db\Driver\Mysql.class.php 第 52 行.
SQL: SHOW COLUMNS FROM `tv_member` [ RunTime:0.010001s ]
SQL: SELECT `uid`,`face_max_url`,`face_min_url`,`hobby_id`,`realname`,`IDcard`,`nickname`,`sex`,`birthday`,`qq`,`score`,`login`,`reg_ip`,`reg_time`,`last_login_ip`,`last_login_time`,`update_time`,`type`,`vip_id`,`imei`,`mobile_model` FROM `tv_member` WHERE ( `uid` = 1 ) LIMIT 1   [ RunTime:0.008000s ]
SQL: SHOW COLUMNS FROM `tv_action` [ RunTime:0.007001s ]
SQL: SELECT * FROM `tv_action` WHERE ( `name` = 'user_login' ) LIMIT 1   [ RunTime:0.010000s ]
SQL: UPDATE `tv_member` SET `login`=`login`+1,`last_login_time`=1440982328,`last_login_ip`='2130706433' WHERE ( `uid` = 1 ) [ RunTime:0.007001s ]

[ 2015-08-31T08:52:26+08:00 ] 127.0.0.1 /index.php?s=/vip/user_delete/method/deleteUser.html
INFO: [ app_begin ] --START--
INFO: Run Think\Behavior\ReadHtmlCache [ RunTime:0.000000s ]
INFO: [ app_begin ] --END-- [ RunTime:0.000000s ]
NOTIC: [2048] Declaration of Admin\Controller\VipController::delete() should be compatible with Admin\Controller\AdminController::delete($model, $where = Array, $msg = Array) C:\wamp\www\tourism\Application\Admin\Controller\VipController.class.php 第 16 行.
INFO: [ action_begin ] --START--
INFO: [ action_begin ] --END-- [ RunTime:0.000000s ]

[ 2015-08-31T08:52:29+08:00 ] 127.0.0.1 /index.php?s=/vip/user_delete/method/deleteUser.html
INFO: [ app_begin ] --START--
INFO: Run Think\Behavior\ReadHtmlCache [ RunTime:0.000000s ]
INFO: [ app_begin ] --END-- [ RunTime:0.001000s ]
NOTIC: [2048] Declaration of Admin\Controller\VipController::delete() should be compatible with Admin\Controller\AdminController::delete($model, $where = Array, $msg = Array) C:\wamp\www\tourism\Application\Admin\Controller\VipController.class.php 第 16 行.
INFO: [ action_begin ] --START--
INFO: [ action_begin ] --END-- [ RunTime:0.000000s ]

[ 2015-08-31T11:49:37+08:00 ] 127.0.0.1 /index.php?s=%2Fhome%2Findex%2Fpage%2F2
ERR: 非法操作:page

[ 2015-08-31T11:55:55+08:00 ] 127.0.0.1 /index.php?s=%2Fhome%2Findex%2Fpage%2F2
ERR: 非法操作:page

[ 2015-08-31T11:56:44+08:00 ] 127.0.0.1 /index.php?s=%2Fhome%2Findex%2Fpage%3D2
ERR: 非法操作:page=2

[ 2015-08-31T16:04:02+08:00 ] 127.0.0.1 /index.php?s=/region/action.html&parent_id=1&type=1
INFO: [ app_begin ] --START--
INFO: Run Think\Behavior\ReadHtmlCache [ RunTime:0.000000s ]
INFO: [ app_begin ] --END-- [ RunTime:0.001000s ]
INFO: [ action_begin ] --START--
INFO: [ action_begin ] --END-- [ RunTime:0.000000s ]
NOTIC: [8192] mysql_connect(): The mysql extension is deprecated and will be removed in the future: use mysqli or PDO instead C:\wamp\www\tourism\ThinkPHP\Library\Think\Db\Driver\Mysql.class.php 第 52 行.
SQL: SHOW COLUMNS FROM `tv_global_region` [ RunTime:0.032002s ]
SQL: SELECT * FROM `tv_global_region` WHERE ( parent_id=1 and region_type=1 )  [ RunTime:0.182011s ]
INFO: [ app_end ] --START--
INFO: Run Think\Behavior\ShowPageTrace [ RunTime:0.000000s ]
INFO: [ app_end ] --END-- [ RunTime:0.000000s ]

[ 2015-08-31T16:04:47+08:00 ] 127.0.0.1 /index.php?s=/menu/add/pid/151.html
INFO: [ app_begin ] --START--
INFO: Run Think\Behavior\ReadHtmlCache [ RunTime:0.000000s ]
INFO: [ app_begin ] --END-- [ RunTime:0.001000s ]
INFO: [ action_begin ] --START--
INFO: [ action_begin ] --END-- [ RunTime:0.000000s ]
NOTIC: [8192] mysql_connect(): The mysql extension is deprecated and will be removed in the future: use mysqli or PDO instead C:\wamp\www\tourism\ThinkPHP\Library\Think\Db\Driver\Mysql.class.php 第 52 行.
SQL: SHOW COLUMNS FROM `tv_menu` [ RunTime:0.008001s ]
SQL: INSERT INTO `tv_menu` (`title`,`sort`,`url`,`pid`,`group`,`hide`,`is_dev`,`tip`,`id`) VALUES ('编辑活动',0,'Product/re_pro_edit',151,'',0,0,'',0) [ RunTime:0.055003s ]
SQL: SHOW COLUMNS FROM `tv_action` [ RunTime:0.007000s ]
SQL: SELECT * FROM `tv_action` WHERE ( `name` = 'update_menu' ) LIMIT 1   [ RunTime:0.027002s ]
SQL: SHOW COLUMNS FROM `tv_action_log` [ RunTime:0.008000s ]
SQL: INSERT INTO `tv_action_log` (`action_id`,`user_id`,`action_ip`,`model`,`record_id`,`create_time`,`remark`) VALUES (10,1,2130706433,'Menu',167,1441008287,'操作url：/index.php?s=/menu/add/pid/151.html') [ RunTime:0.012001s ]

[ 2015-08-31T16:05:19+08:00 ] 127.0.0.1 /index.php?s=/menu/edit/id/163.html
INFO: [ app_begin ] --START--
INFO: Run Think\Behavior\ReadHtmlCache [ RunTime:0.001000s ]
INFO: [ app_begin ] --END-- [ RunTime:0.001000s ]
INFO: [ action_begin ] --START--
INFO: [ action_begin ] --END-- [ RunTime:0.000000s ]
NOTIC: [8192] mysql_connect(): The mysql extension is deprecated and will be removed in the future: use mysqli or PDO instead C:\wamp\www\tourism\ThinkPHP\Library\Think\Db\Driver\Mysql.class.php 第 52 行.
SQL: SHOW COLUMNS FROM `tv_menu` [ RunTime:0.010001s ]
SQL: UPDATE `tv_menu` SET `title`='新增活动',`sort`=0,`url`='product/re_pro_add',`pid`=151,`group`='',`hide`=0,`is_dev`=0,`tip`='' WHERE ( `id` = 163 ) [ RunTime:0.036002s ]
SQL: SHOW COLUMNS FROM `tv_action` [ RunTime:0.008000s ]
SQL: SELECT * FROM `tv_action` WHERE ( `name` = 'update_menu' ) LIMIT 1   [ RunTime:0.007001s ]
SQL: SHOW COLUMNS FROM `tv_action_log` [ RunTime:0.007000s ]
SQL: INSERT INTO `tv_action_log` (`action_id`,`user_id`,`action_ip`,`model`,`record_id`,`create_time`,`remark`) VALUES (10,1,2130706433,'Menu',163,1441008319,'操作url：/index.php?s=/menu/edit/id/163.html') [ RunTime:0.007001s ]

[ 2015-08-31T16:06:52+08:00 ] 127.0.0.1 /index.php?s=/region/action.html&parent_id=1&type=1
INFO: [ app_begin ] --START--
INFO: Run Think\Behavior\ReadHtmlCache [ RunTime:0.000000s ]
INFO: [ app_begin ] --END-- [ RunTime:0.001000s ]
INFO: [ action_begin ] --START--
INFO: [ action_begin ] --END-- [ RunTime:0.000000s ]
NOTIC: [8192] mysql_connect(): The mysql extension is deprecated and will be removed in the future: use mysqli or PDO instead C:\wamp\www\tourism\ThinkPHP\Library\Think\Db\Driver\Mysql.class.php 第 52 行.
SQL: SHOW COLUMNS FROM `tv_global_region` [ RunTime:0.017001s ]
SQL: SELECT * FROM `tv_global_region` WHERE ( parent_id=1 and region_type=1 )  [ RunTime:0.013001s ]
INFO: [ app_end ] --START--
INFO: Run Think\Behavior\ShowPageTrace [ RunTime:0.000000s ]
INFO: [ app_end ] --END-- [ RunTime:0.001000s ]

[ 2015-08-31T16:06:52+08:00 ] 127.0.0.1 /index.php?s=/region/action.html&parent_id=&type=2
INFO: [ app_begin ] --START--
INFO: Run Think\Behavior\ReadHtmlCache [ RunTime:0.000000s ]
INFO: [ app_begin ] --END-- [ RunTime:0.000000s ]
INFO: [ action_begin ] --START--
INFO: [ action_begin ] --END-- [ RunTime:0.000000s ]
NOTIC: [8192] mysql_connect(): The mysql extension is deprecated and will be removed in the future: use mysqli or PDO instead C:\wamp\www\tourism\ThinkPHP\Library\Think\Db\Driver\Mysql.class.php 第 52 行.
SQL: SHOW COLUMNS FROM `tv_global_region` [ RunTime:0.006000s ]
SQL: SELECT * FROM `tv_global_region` WHERE ( parent_id= and region_type=2 )  [ RunTime:0.007000s ]
ERR: 1064:You have an error in your SQL syntax; check the manual that corresponds to your MySQL server version for the right syntax to use near 'and region_type=2 )' at line 1
 [ SQL语句 ] : SELECT * FROM `tv_global_region` WHERE ( parent_id= and region_type=2 ) 
INFO: [ app_end ] --START--
INFO: Run Think\Behavior\ShowPageTrace [ RunTime:0.000000s ]
INFO: [ app_end ] --END-- [ RunTime:0.000000s ]

[ 2015-08-31T16:06:52+08:00 ] 127.0.0.1 /index.php?s=/region/action.html&parent_id=36&type=3
INFO: [ app_begin ] --START--
INFO: Run Think\Behavior\ReadHtmlCache [ RunTime:0.000000s ]
INFO: [ app_begin ] --END-- [ RunTime:0.000000s ]
INFO: [ action_begin ] --START--
INFO: [ action_begin ] --END-- [ RunTime:0.000000s ]
NOTIC: [8192] mysql_connect(): The mysql extension is deprecated and will be removed in the future: use mysqli or PDO instead C:\wamp\www\tourism\ThinkPHP\Library\Think\Db\Driver\Mysql.class.php 第 52 行.
SQL: SHOW COLUMNS FROM `tv_global_region` [ RunTime:0.008000s ]
SQL: SELECT * FROM `tv_global_region` WHERE ( parent_id=36 and region_type=3 )  [ RunTime:0.007000s ]
INFO: [ app_end ] --START--
INFO: Run Think\Behavior\ShowPageTrace [ RunTime:0.000000s ]
INFO: [ app_end ] --END-- [ RunTime:0.000000s ]

[ 2015-08-31T16:09:27+08:00 ] 127.0.0.1 /index.php?s=/region/action.html&parent_id=&type=2
INFO: [ app_begin ] --START--
INFO: Run Think\Behavior\ReadHtmlCache [ RunTime:0.000000s ]
INFO: [ app_begin ] --END-- [ RunTime:0.001000s ]
INFO: [ action_begin ] --START--
INFO: [ action_begin ] --END-- [ RunTime:0.000000s ]
NOTIC: [8192] mysql_connect(): The mysql extension is deprecated and will be removed in the future: use mysqli or PDO instead C:\wamp\www\tourism\ThinkPHP\Library\Think\Db\Driver\Mysql.class.php 第 52 行.
SQL: SHOW COLUMNS FROM `tv_global_region` [ RunTime:0.008000s ]
SQL: SELECT * FROM `tv_global_region` WHERE ( parent_id= and region_type=2 )  [ RunTime:0.008000s ]
ERR: 1064:You have an error in your SQL syntax; check the manual that corresponds to your MySQL server version for the right syntax to use near 'and region_type=2 )' at line 1
 [ SQL语句 ] : SELECT * FROM `tv_global_region` WHERE ( parent_id= and region_type=2 ) 
INFO: [ app_end ] --START--
INFO: Run Think\Behavior\ShowPageTrace [ RunTime:0.000000s ]
INFO: [ app_end ] --END-- [ RunTime:0.000000s ]

[ 2015-08-31T16:09:27+08:00 ] 127.0.0.1 /index.php?s=/region/action.html&parent_id=36&type=3
INFO: [ app_begin ] --START--
INFO: Run Think\Behavior\ReadHtmlCache [ RunTime:0.000000s ]
INFO: [ app_begin ] --END-- [ RunTime:0.001000s ]
INFO: [ action_begin ] --START--
INFO: [ action_begin ] --END-- [ RunTime:0.000000s ]
NOTIC: [8192] mysql_connect(): The mysql extension is deprecated and will be removed in the future: use mysqli or PDO instead C:\wamp\www\tourism\ThinkPHP\Library\Think\Db\Driver\Mysql.class.php 第 52 行.
SQL: SHOW COLUMNS FROM `tv_global_region` [ RunTime:0.010001s ]
SQL: SELECT * FROM `tv_global_region` WHERE ( parent_id=36 and region_type=3 )  [ RunTime:0.027001s ]
INFO: [ app_end ] --START--
INFO: Run Think\Behavior\ShowPageTrace [ RunTime:0.001001s ]
INFO: [ app_end ] --END-- [ RunTime:0.001001s ]

[ 2015-08-31T16:09:27+08:00 ] 127.0.0.1 /index.php?s=/region/action.html&parent_id=1&type=1
INFO: [ app_begin ] --START--
INFO: Run Think\Behavior\ReadHtmlCache [ RunTime:0.000000s ]
INFO: [ app_begin ] --END-- [ RunTime:0.000000s ]
INFO: [ action_begin ] --START--
INFO: [ action_begin ] --END-- [ RunTime:0.000000s ]
NOTIC: [8192] mysql_connect(): The mysql extension is deprecated and will be removed in the future: use mysqli or PDO instead C:\wamp\www\tourism\ThinkPHP\Library\Think\Db\Driver\Mysql.class.php 第 52 行.
SQL: SHOW COLUMNS FROM `tv_global_region` [ RunTime:0.010001s ]
SQL: SELECT * FROM `tv_global_region` WHERE ( parent_id=1 and region_type=1 )  [ RunTime:0.011001s ]
INFO: [ app_end ] --START--
INFO: Run Think\Behavior\ShowPageTrace [ RunTime:0.000000s ]
INFO: [ app_end ] --END-- [ RunTime:0.000000s ]

[ 2015-08-31T16:09:54+08:00 ] 127.0.0.1 /index.php?s=/region/action.html&parent_id=1&type=1
INFO: [ app_begin ] --START--
INFO: Run Think\Behavior\ReadHtmlCache [ RunTime:0.001000s ]
INFO: [ app_begin ] --END-- [ RunTime:0.001000s ]
INFO: [ action_begin ] --START--
INFO: [ action_begin ] --END-- [ RunTime:0.000000s ]
NOTIC: [8192] mysql_connect(): The mysql extension is deprecated and will be removed in the future: use mysqli or PDO instead C:\wamp\www\tourism\ThinkPHP\Library\Think\Db\Driver\Mysql.class.php 第 52 行.
SQL: SHOW COLUMNS FROM `tv_global_region` [ RunTime:0.010001s ]
SQL: SELECT * FROM `tv_global_region` WHERE ( parent_id=1 and region_type=1 )  [ RunTime:0.012000s ]
INFO: [ app_end ] --START--
INFO: Run Think\Behavior\ShowPageTrace [ RunTime:0.000000s ]
INFO: [ app_end ] --END-- [ RunTime:0.000000s ]

[ 2015-08-31T16:09:55+08:00 ] 127.0.0.1 /index.php?s=/region/action.html&parent_id=36&type=3
INFO: [ app_begin ] --START--
INFO: Run Think\Behavior\ReadHtmlCache [ RunTime:0.000000s ]
INFO: [ app_begin ] --END-- [ RunTime:0.000000s ]
INFO: [ action_begin ] --START--
INFO: [ action_begin ] --END-- [ RunTime:0.000000s ]
NOTIC: [8192] mysql_connect(): The mysql extension is deprecated and will be removed in the future: use mysqli or PDO instead C:\wamp\www\tourism\ThinkPHP\Library\Think\Db\Driver\Mysql.class.php 第 52 行.
SQL: SHOW COLUMNS FROM `tv_global_region` [ RunTime:0.011001s ]
SQL: SELECT * FROM `tv_global_region` WHERE ( parent_id=36 and region_type=3 )  [ RunTime:0.014001s ]
INFO: [ app_end ] --START--
INFO: Run Think\Behavior\ShowPageTrace [ RunTime:0.000000s ]
INFO: [ app_end ] --END-- [ RunTime:0.001000s ]

[ 2015-08-31T16:09:55+08:00 ] 127.0.0.1 /index.php?s=/region/action.html&parent_id=&type=2
INFO: [ app_begin ] --START--
INFO: Run Think\Behavior\ReadHtmlCache [ RunTime:0.000000s ]
INFO: [ app_begin ] --END-- [ RunTime:0.000000s ]
INFO: [ action_begin ] --START--
INFO: [ action_begin ] --END-- [ RunTime:0.000000s ]
NOTIC: [8192] mysql_connect(): The mysql extension is deprecated and will be removed in the future: use mysqli or PDO instead C:\wamp\www\tourism\ThinkPHP\Library\Think\Db\Driver\Mysql.class.php 第 52 行.
SQL: SHOW COLUMNS FROM `tv_global_region` [ RunTime:0.009001s ]
SQL: SELECT * FROM `tv_global_region` WHERE ( parent_id= and region_type=2 )  [ RunTime:0.007000s ]
ERR: 1064:You have an error in your SQL syntax; check the manual that corresponds to your MySQL server version for the right syntax to use near 'and region_type=2 )' at line 1
 [ SQL语句 ] : SELECT * FROM `tv_global_region` WHERE ( parent_id= and region_type=2 ) 
INFO: [ app_end ] --START--
INFO: Run Think\Behavior\ShowPageTrace [ RunTime:0.000000s ]
INFO: [ app_end ] --END-- [ RunTime:0.000000s ]

[ 2015-08-31T16:10:06+08:00 ] 127.0.0.1 /index.php?s=/product/rmedit/id/3.html
INFO: [ app_begin ] --START--
INFO: Run Think\Behavior\ReadHtmlCache [ RunTime:0.000000s ]
INFO: [ app_begin ] --END-- [ RunTime:0.001000s ]
INFO: [ action_begin ] --START--
INFO: [ action_begin ] --END-- [ RunTime:0.000000s ]
NOTIC: [8192] mysql_connect(): The mysql extension is deprecated and will be removed in the future: use mysqli or PDO instead C:\wamp\www\tourism\ThinkPHP\Library\Think\Db\Driver\Mysql.class.php 第 52 行.
SQL: SHOW COLUMNS FROM `tv_hel` [ RunTime:0.015001s ]
NOTIC: [8] Undefined variable: str C:\wamp\www\tourism\Application\Admin\Controller\ProductController.class.php 第 105 行.
SQL: UPDATE `tv_hel` SET `logo_img_url`='195',`hel_img_url`='258,259,260,261,',`title`='五星级大酒店',`hel_name`='京基喜来登度假酒店',`name`='贺鹏飞',`hel_tel`='18588613273',`max_man`='1-2',`type`='双人房',`bed_type`='实体床',`facilities`='空调,电视,电脑,电话,洗衣机',`bedroom`='1',`toilet`='1',`bed`='1',`provinces`='',`countys`='399',`address`='盐田区 盐葵路大梅沙段9号 ',`nearby_traffic`='距会展中心地铁站146米 ,很好坐车的拉',`day_price`='150.00',`favorable_price`='75.00',`deposit`='100.00',`sort`='0',`check_in`='08:00',`check_out`='12:00',`tel_status`=1,`status`='1',`star`='3',`vip_price`='20|0,' WHERE ( `id` = 3 ) [ RunTime:0.030002s ]

[ 2015-08-31T16:10:10+08:00 ] 127.0.0.1 /index.php?s=/region/action.html&parent_id=1&type=1
INFO: [ app_begin ] --START--
INFO: Run Think\Behavior\ReadHtmlCache [ RunTime:0.000000s ]
INFO: [ app_begin ] --END-- [ RunTime:0.001000s ]
INFO: [ action_begin ] --START--
INFO: [ action_begin ] --END-- [ RunTime:0.000000s ]
NOTIC: [8192] mysql_connect(): The mysql extension is deprecated and will be removed in the future: use mysqli or PDO instead C:\wamp\www\tourism\ThinkPHP\Library\Think\Db\Driver\Mysql.class.php 第 52 行.
SQL: SHOW COLUMNS FROM `tv_global_region` [ RunTime:0.013001s ]
SQL: SELECT * FROM `tv_global_region` WHERE ( parent_id=1 and region_type=1 )  [ RunTime:0.011000s ]
INFO: [ app_end ] --START--
INFO: Run Think\Behavior\ShowPageTrace [ RunTime:0.000000s ]
INFO: [ app_end ] --END-- [ RunTime:0.001000s ]

[ 2015-08-31T16:10:10+08:00 ] 127.0.0.1 /index.php?s=/region/action.html&parent_id=&type=2
INFO: [ app_begin ] --START--
INFO: Run Think\Behavior\ReadHtmlCache [ RunTime:0.000000s ]
INFO: [ app_begin ] --END-- [ RunTime:0.000000s ]
INFO: [ action_begin ] --START--
INFO: [ action_begin ] --END-- [ RunTime:0.000000s ]
NOTIC: [8192] mysql_connect(): The mysql extension is deprecated and will be removed in the future: use mysqli or PDO instead C:\wamp\www\tourism\ThinkPHP\Library\Think\Db\Driver\Mysql.class.php 第 52 行.
SQL: SHOW COLUMNS FROM `tv_global_region` [ RunTime:0.015001s ]
SQL: SELECT * FROM `tv_global_region` WHERE ( parent_id= and region_type=2 )  [ RunTime:0.014001s ]
ERR: 1064:You have an error in your SQL syntax; check the manual that corresponds to your MySQL server version for the right syntax to use near 'and region_type=2 )' at line 1
 [ SQL语句 ] : SELECT * FROM `tv_global_region` WHERE ( parent_id= and region_type=2 ) 
INFO: [ app_end ] --START--
INFO: Run Think\Behavior\ShowPageTrace [ RunTime:0.000000s ]
INFO: [ app_end ] --END-- [ RunTime:0.000000s ]

[ 2015-08-31T16:10:10+08:00 ] 127.0.0.1 /index.php?s=/region/action.html&parent_id=36&type=3
INFO: [ app_begin ] --START--
INFO: Run Think\Behavior\ReadHtmlCache [ RunTime:0.000000s ]
INFO: [ app_begin ] --END-- [ RunTime:0.000000s ]
INFO: [ action_begin ] --START--
INFO: [ action_begin ] --END-- [ RunTime:0.000000s ]
NOTIC: [8192] mysql_connect(): The mysql extension is deprecated and will be removed in the future: use mysqli or PDO instead C:\wamp\www\tourism\ThinkPHP\Library\Think\Db\Driver\Mysql.class.php 第 52 行.
SQL: SHOW COLUMNS FROM `tv_global_region` [ RunTime:0.017001s ]
SQL: SELECT * FROM `tv_global_region` WHERE ( parent_id=36 and region_type=3 )  [ RunTime:0.017001s ]
INFO: [ app_end ] --START--
INFO: Run Think\Behavior\ShowPageTrace [ RunTime:0.001000s ]
INFO: [ app_end ] --END-- [ RunTime:0.001000s ]

[ 2015-08-31T16:10:15+08:00 ] 127.0.0.1 /index.php?s=/region/action.html&parent_id=1&type=1
INFO: [ app_begin ] --START--
INFO: Run Think\Behavior\ReadHtmlCache [ RunTime:0.000000s ]
INFO: [ app_begin ] --END-- [ RunTime:0.001000s ]
INFO: [ action_begin ] --START--
INFO: [ action_begin ] --END-- [ RunTime:0.000000s ]
NOTIC: [8192] mysql_connect(): The mysql extension is deprecated and will be removed in the future: use mysqli or PDO instead C:\wamp\www\tourism\ThinkPHP\Library\Think\Db\Driver\Mysql.class.php 第 52 行.
SQL: SHOW COLUMNS FROM `tv_global_region` [ RunTime:0.017001s ]
SQL: SELECT * FROM `tv_global_region` WHERE ( parent_id=1 and region_type=1 )  [ RunTime:0.018001s ]
INFO: [ app_end ] --START--
INFO: Run Think\Behavior\ShowPageTrace [ RunTime:0.000000s ]
INFO: [ app_end ] --END-- [ RunTime:0.000000s ]

[ 2015-08-31T16:10:15+08:00 ] 127.0.0.1 /index.php?s=/region/action.html&parent_id=2&type=2
INFO: [ app_begin ] --START--
INFO: Run Think\Behavior\ReadHtmlCache [ RunTime:0.000000s ]
INFO: [ app_begin ] --END-- [ RunTime:0.001000s ]
INFO: [ action_begin ] --START--
INFO: [ action_begin ] --END-- [ RunTime:0.000000s ]
NOTIC: [8192] mysql_connect(): The mysql extension is deprecated and will be removed in the future: use mysqli or PDO instead C:\wamp\www\tourism\ThinkPHP\Library\Think\Db\Driver\Mysql.class.php 第 52 行.
SQL: SHOW COLUMNS FROM `tv_global_region` [ RunTime:0.019001s ]
SQL: SELECT * FROM `tv_global_region` WHERE ( parent_id=2 and region_type=2 )  [ RunTime:0.021001s ]
INFO: [ app_end ] --START--
INFO: Run Think\Behavior\ShowPageTrace [ RunTime:0.000000s ]
INFO: [ app_end ] --END-- [ RunTime:0.000000s ]

[ 2015-08-31T16:10:15+08:00 ] 127.0.0.1 /index.php?s=/region/action.html&parent_id=52&type=3
INFO: [ app_begin ] --START--
INFO: Run Think\Behavior\ReadHtmlCache [ RunTime:0.000000s ]
INFO: [ app_begin ] --END-- [ RunTime:0.000000s ]
INFO: [ action_begin ] --START--
INFO: [ action_begin ] --END-- [ RunTime:0.000000s ]
NOTIC: [8192] mysql_connect(): The mysql extension is deprecated and will be removed in the future: use mysqli or PDO instead C:\wamp\www\tourism\ThinkPHP\Library\Think\Db\Driver\Mysql.class.php 第 52 行.
SQL: SHOW COLUMNS FROM `tv_global_region` [ RunTime:0.009001s ]
SQL: SELECT * FROM `tv_global_region` WHERE ( parent_id=52 and region_type=3 )  [ RunTime:0.016001s ]
INFO: [ app_end ] --START--
INFO: Run Think\Behavior\ShowPageTrace [ RunTime:0.000000s ]
INFO: [ app_end ] --END-- [ RunTime:0.000000s ]

[ 2015-08-31T16:10:20+08:00 ] 127.0.0.1 /index.php?s=/product/rmedit/id/4.html
INFO: [ app_begin ] --START--
INFO: Run Think\Behavior\ReadHtmlCache [ RunTime:0.000000s ]
INFO: [ app_begin ] --END-- [ RunTime:0.001000s ]
INFO: [ action_begin ] --START--
INFO: [ action_begin ] --END-- [ RunTime:0.000000s ]
NOTIC: [8192] mysql_connect(): The mysql extension is deprecated and will be removed in the future: use mysqli or PDO instead C:\wamp\www\tourism\ThinkPHP\Library\Think\Db\Driver\Mysql.class.php 第 52 行.
SQL: SHOW COLUMNS FROM `tv_hel` [ RunTime:0.014001s ]
NOTIC: [8] Undefined variable: str C:\wamp\www\tourism\Application\Admin\Controller\ProductController.class.php 第 105 行.
SQL: UPDATE `tv_hel` SET `logo_img_url`='200',`hel_img_url`='201,202,203,204,205,',`title`='星河丽思卡尔顿酒店',`hel_name`='星河丽思卡尔顿酒店',`name`='许嘉明',`hel_tel`='18507565649',`max_man`='1-5',`type`='单人房',`bed_type`='上下床',`facilities`='空调,电脑,生活必需品,电话,烘干机',`bedroom`='1',`toilet`='2',`bed`='1',`provinces`='2',`citys`='52',`countys`='501',`address`='福田区 福华三路116号(~i/“)',`nearby_traffic`='大把公交车都到,交通方便.比如302,M313,405,B6等等',`day_price`='100.00',`favorable_price`='99.00',`deposit`='100.00',`sort`='0',`check_in`='06:00',`check_out`='12:00',`tel_status`=0,`status`='1',`vip_price`='20|0,' WHERE ( `id` = 4 ) [ RunTime:0.036002s ]

[ 2015-08-31T16:11:55+08:00 ] 127.0.0.1 /index.php?s=/region/action.html&parent_id=2&type=2
INFO: [ app_begin ] --START--
INFO: Run Think\Behavior\ReadHtmlCache [ RunTime:0.000000s ]
INFO: [ app_begin ] --END-- [ RunTime:0.002000s ]
INFO: [ action_begin ] --START--
INFO: [ action_begin ] --END-- [ RunTime:0.000000s ]
NOTIC: [8192] mysql_connect(): The mysql extension is deprecated and will be removed in the future: use mysqli or PDO instead C:\wamp\www\tourism\ThinkPHP\Library\Think\Db\Driver\Mysql.class.php 第 52 行.
SQL: SHOW COLUMNS FROM `tv_global_region` [ RunTime:0.010001s ]
SQL: SELECT * FROM `tv_global_region` WHERE ( parent_id=2 and region_type=2 )  [ RunTime:0.011000s ]
INFO: [ app_end ] --START--
INFO: Run Think\Behavior\ShowPageTrace [ RunTime:0.000000s ]
INFO: [ app_end ] --END-- [ RunTime:0.000000s ]

[ 2015-08-31T16:11:55+08:00 ] 127.0.0.1 /index.php?s=/region/action.html&parent_id=1&type=1
INFO: [ app_begin ] --START--
INFO: Run Think\Behavior\ReadHtmlCache [ RunTime:0.000000s ]
INFO: [ app_begin ] --END-- [ RunTime:0.001000s ]
INFO: [ action_begin ] --START--
INFO: [ action_begin ] --END-- [ RunTime:0.001000s ]
NOTIC: [8192] mysql_connect(): The mysql extension is deprecated and will be removed in the future: use mysqli or PDO instead C:\wamp\www\tourism\ThinkPHP\Library\Think\Db\Driver\Mysql.class.php 第 52 行.
SQL: SHOW COLUMNS FROM `tv_global_region` [ RunTime:0.013000s ]
SQL: SELECT * FROM `tv_global_region` WHERE ( parent_id=1 and region_type=1 )  [ RunTime:0.013001s ]
INFO: [ app_end ] --START--
INFO: Run Think\Behavior\ShowPageTrace [ RunTime:0.001000s ]
INFO: [ app_end ] --END-- [ RunTime:0.001000s ]

[ 2015-08-31T16:11:55+08:00 ] 127.0.0.1 /index.php?s=/region/action.html&parent_id=52&type=3
INFO: [ app_begin ] --START--
INFO: Run Think\Behavior\ReadHtmlCache [ RunTime:0.000000s ]
INFO: [ app_begin ] --END-- [ RunTime:0.000000s ]
INFO: [ action_begin ] --START--
INFO: [ action_begin ] --END-- [ RunTime:0.000000s ]
NOTIC: [8192] mysql_connect(): The mysql extension is deprecated and will be removed in the future: use mysqli or PDO instead C:\wamp\www\tourism\ThinkPHP\Library\Think\Db\Driver\Mysql.class.php 第 52 行.
SQL: SHOW COLUMNS FROM `tv_global_region` [ RunTime:0.008000s ]
SQL: SELECT * FROM `tv_global_region` WHERE ( parent_id=52 and region_type=3 )  [ RunTime:0.010001s ]
INFO: [ app_end ] --START--
INFO: Run Think\Behavior\ShowPageTrace [ RunTime:0.000000s ]
INFO: [ app_end ] --END-- [ RunTime:0.001000s ]

[ 2015-08-31T16:12:33+08:00 ] 127.0.0.1 /index.php?s=/facilitator/memberinfo.html
INFO: [ app_begin ] --START--
INFO: Run Think\Behavior\ReadHtmlCache [ RunTime:0.000000s ]
INFO: [ app_begin ] --END-- [ RunTime:0.000000s ]
NOTIC: [2048] Declaration of Admin\Controller\FacilitatorController::delete() should be compatible with Admin\Controller\AdminController::delete($model, $where = Array, $msg = Array) C:\wamp\www\tourism\Application\Admin\Controller\FacilitatorController.class.php 第 21 行.
INFO: [ action_begin ] --START--
INFO: [ action_begin ] --END-- [ RunTime:0.000000s ]
NOTIC: [8192] mysql_connect(): The mysql extension is deprecated and will be removed in the future: use mysqli or PDO instead C:\wamp\www\tourism\ThinkPHP\Library\Think\Db\Driver\Mysql.class.php 第 52 行.
SQL: SHOW COLUMNS FROM `tv_member` [ RunTime:0.017001s ]
SQL: SELECT `realname`,`IDcard` FROM `tv_member` WHERE ( uid = 49 ) LIMIT 1   [ RunTime:0.014001s ]

[ 2015-08-31T16:12:41+08:00 ] 127.0.0.1 /index.php?s=/facilitator/imguplode.html
INFO: [ app_begin ] --START--
INFO: Run Think\Behavior\ReadHtmlCache [ RunTime:0.000000s ]
INFO: [ app_begin ] --END-- [ RunTime:0.001001s ]
NOTIC: [2048] Declaration of Admin\Controller\FacilitatorController::delete() should be compatible with Admin\Controller\AdminController::delete($model, $where = Array, $msg = Array) C:\wamp\www\tourism\Application\Admin\Controller\FacilitatorController.class.php 第 21 行.
INFO: [ action_begin ] --START--
INFO: [ action_begin ] --END-- [ RunTime:0.000000s ]
NOTIC: [8] Undefined property: ORG\Util\ImgUpload::$toFile C:\wamp\www\tourism\Application\ORG\Util\ImgUpload.class.php 第 123 行.
NOTIC: [8] Undefined offset: 1 C:\wamp\www\tourism\Application\ORG\Util\ImgUpload.class.php 第 179 行.
NOTIC: [8192] mysql_connect(): The mysql extension is deprecated and will be removed in the future: use mysqli or PDO instead C:\wamp\www\tourism\ThinkPHP\Library\Think\Db\Driver\Mysql.class.php 第 52 行.
SQL: SHOW COLUMNS FROM `tv_img` [ RunTime:0.019001s ]
SQL: INSERT INTO `tv_img` (`url`,`insert_time`) VALUES ('./Uploads/Facilitator/1441008760.jpg',1441008761) [ RunTime:0.018001s ]

[ 2015-08-31T16:12:43+08:00 ] 127.0.0.1 /index.php?s=/facilitator/imguplode.html
INFO: [ app_begin ] --START--
INFO: Run Think\Behavior\ReadHtmlCache [ RunTime:0.000000s ]
INFO: [ app_begin ] --END-- [ RunTime:0.001000s ]
NOTIC: [2048] Declaration of Admin\Controller\FacilitatorController::delete() should be compatible with Admin\Controller\AdminController::delete($model, $where = Array, $msg = Array) C:\wamp\www\tourism\Application\Admin\Controller\FacilitatorController.class.php 第 21 行.
INFO: [ action_begin ] --START--
INFO: [ action_begin ] --END-- [ RunTime:0.000000s ]
NOTIC: [8] Undefined property: ORG\Util\ImgUpload::$toFile C:\wamp\www\tourism\Application\ORG\Util\ImgUpload.class.php 第 123 行.
NOTIC: [8] Undefined offset: 1 C:\wamp\www\tourism\Application\ORG\Util\ImgUpload.class.php 第 179 行.
NOTIC: [8192] mysql_connect(): The mysql extension is deprecated and will be removed in the future: use mysqli or PDO instead C:\wamp\www\tourism\ThinkPHP\Library\Think\Db\Driver\Mysql.class.php 第 52 行.
SQL: SHOW COLUMNS FROM `tv_img` [ RunTime:0.021001s ]
SQL: INSERT INTO `tv_img` (`url`,`insert_time`) VALUES ('./Uploads/Facilitator/1441008763.jpg',1441008763) [ RunTime:0.010001s ]

[ 2015-08-31T16:12:46+08:00 ] 127.0.0.1 /index.php?s=/facilitator/imguplode.html
INFO: [ app_begin ] --START--
INFO: Run Think\Behavior\ReadHtmlCache [ RunTime:0.000000s ]
INFO: [ app_begin ] --END-- [ RunTime:0.001000s ]
NOTIC: [2048] Declaration of Admin\Controller\FacilitatorController::delete() should be compatible with Admin\Controller\AdminController::delete($model, $where = Array, $msg = Array) C:\wamp\www\tourism\Application\Admin\Controller\FacilitatorController.class.php 第 21 行.
INFO: [ action_begin ] --START--
INFO: [ action_begin ] --END-- [ RunTime:0.001000s ]
NOTIC: [8] Undefined property: ORG\Util\ImgUpload::$toFile C:\wamp\www\tourism\Application\ORG\Util\ImgUpload.class.php 第 123 行.
NOTIC: [8] Undefined offset: 1 C:\wamp\www\tourism\Application\ORG\Util\ImgUpload.class.php 第 179 行.
NOTIC: [8192] mysql_connect(): The mysql extension is deprecated and will be removed in the future: use mysqli or PDO instead C:\wamp\www\tourism\ThinkPHP\Library\Think\Db\Driver\Mysql.class.php 第 52 行.
SQL: SHOW COLUMNS FROM `tv_img` [ RunTime:0.013001s ]
SQL: INSERT INTO `tv_img` (`url`,`insert_time`) VALUES ('./Uploads/Facilitator/1441008766.jpg',1441008766) [ RunTime:0.010001s ]

[ 2015-08-31T16:12:48+08:00 ] 127.0.0.1 /index.php?s=/facilitator/add.html
INFO: [ app_begin ] --START--
INFO: Run Think\Behavior\ReadHtmlCache [ RunTime:0.000000s ]
INFO: [ app_begin ] --END-- [ RunTime:0.001000s ]
NOTIC: [2048] Declaration of Admin\Controller\FacilitatorController::delete() should be compatible with Admin\Controller\AdminController::delete($model, $where = Array, $msg = Array) C:\wamp\www\tourism\Application\Admin\Controller\FacilitatorController.class.php 第 21 行.
INFO: [ action_begin ] --START--
INFO: [ action_begin ] --END-- [ RunTime:0.000000s ]
NOTIC: [2048] Declaration of Admin\Model\FacilitatorDataModel::add() should be compatible with Think\Model::add($data = '', $options = Array, $replace = false) C:\wamp\www\tourism\Application\Admin\Model\FacilitatorDataModel.class.php 第 16 行.
NOTIC: [8192] mysql_connect(): The mysql extension is deprecated and will be removed in the future: use mysqli or PDO instead C:\wamp\www\tourism\ThinkPHP\Library\Think\Db\Driver\Mysql.class.php 第 52 行.
SQL: SHOW COLUMNS FROM `tv_facilitator_data` [ RunTime:0.012001s ]
SQL: SELECT * FROM `tv_facilitator_data` WHERE ( `realname` = '杨艺平' ) LIMIT 1   [ RunTime:0.014001s ]

[ 2015-08-31T16:12:52+08:00 ] 127.0.0.1 /index.php?s=/facilitator/memberinfo.html
INFO: [ app_begin ] --START--
INFO: Run Think\Behavior\ReadHtmlCache [ RunTime:0.000000s ]
INFO: [ app_begin ] --END-- [ RunTime:0.000000s ]
NOTIC: [2048] Declaration of Admin\Controller\FacilitatorController::delete() should be compatible with Admin\Controller\AdminController::delete($model, $where = Array, $msg = Array) C:\wamp\www\tourism\Application\Admin\Controller\FacilitatorController.class.php 第 21 行.
INFO: [ action_begin ] --START--
INFO: [ action_begin ] --END-- [ RunTime:0.001000s ]
NOTIC: [8192] mysql_connect(): The mysql extension is deprecated and will be removed in the future: use mysqli or PDO instead C:\wamp\www\tourism\ThinkPHP\Library\Think\Db\Driver\Mysql.class.php 第 52 行.
SQL: SHOW COLUMNS FROM `tv_member` [ RunTime:0.011001s ]
SQL: SELECT `realname`,`IDcard` FROM `tv_member` WHERE ( uid = 48 ) LIMIT 1   [ RunTime:0.007000s ]

[ 2015-08-31T16:12:58+08:00 ] 127.0.0.1 /index.php?s=/facilitator/add.html
INFO: [ app_begin ] --START--
INFO: Run Think\Behavior\ReadHtmlCache [ RunTime:0.000000s ]
INFO: [ app_begin ] --END-- [ RunTime:0.000000s ]
NOTIC: [2048] Declaration of Admin\Controller\FacilitatorController::delete() should be compatible with Admin\Controller\AdminController::delete($model, $where = Array, $msg = Array) C:\wamp\www\tourism\Application\Admin\Controller\FacilitatorController.class.php 第 21 行.
INFO: [ action_begin ] --START--
INFO: [ action_begin ] --END-- [ RunTime:0.000000s ]
NOTIC: [2048] Declaration of Admin\Model\FacilitatorDataModel::add() should be compatible with Think\Model::add($data = '', $options = Array, $replace = false) C:\wamp\www\tourism\Application\Admin\Model\FacilitatorDataModel.class.php 第 16 行.
NOTIC: [8192] mysql_connect(): The mysql extension is deprecated and will be removed in the future: use mysqli or PDO instead C:\wamp\www\tourism\ThinkPHP\Library\Think\Db\Driver\Mysql.class.php 第 52 行.
SQL: SHOW COLUMNS FROM `tv_facilitator_data` [ RunTime:0.012001s ]
SQL: SELECT * FROM `tv_facilitator_data` WHERE ( `realname` = '12' ) LIMIT 1   [ RunTime:0.012000s ]
SQL: SELECT * FROM `tv_facilitator_data` WHERE ( `uid` = 48 ) LIMIT 1   [ RunTime:0.009001s ]
SQL: SHOW COLUMNS FROM `tv_facilitator_data` [ RunTime:0.008000s ]
SQL: INSERT INTO `tv_facilitator_data` (`type`,`uid`,`realname`,`IDcard`,`business_licence`,`tel`,`address`,`operations_type`,`business_licence_url`,`status`,`id`,`IDcard_url`) VALUES (2,48,'12','12','213','123','123','123','347',1,0,'345,346') [ RunTime:0.037003s ]
SQL: SHOW COLUMNS FROM `tv_member` [ RunTime:0.012000s ]
SQL: UPDATE `tv_member` SET `type`='2',`realname`='12',`nickname`='12' WHERE ( `uid` = 48 ) [ RunTime:0.006001s ]

[ 2015-08-31T16:13:57+08:00 ] 127.0.0.1 /index.php?s=/user/edit/uid/48.html
INFO: [ app_begin ] --START--
INFO: Run Think\Behavior\ReadHtmlCache [ RunTime:0.001000s ]
INFO: [ app_begin ] --END-- [ RunTime:0.001000s ]
INFO: [ action_begin ] --START--
INFO: [ action_begin ] --END-- [ RunTime:0.000000s ]
NOTIC: [8192] mysql_connect(): The mysql extension is deprecated and will be removed in the future: use mysqli or PDO instead C:\wamp\www\tourism\ThinkPHP\Library\Think\Db\Driver\Mysql.class.php 第 52 行.
SQL: SHOW COLUMNS FROM `tv_ucenter_member` [ RunTime:0.011000s ]
SQL: SELECT * FROM `tv_ucenter_member` WHERE (  ( `username` = 'asdasd' ) OR ( `mobile` = '18588613273' ) OR ( `email` = '' ) ) AND ( `id` <> '48' ) LIMIT 1   [ RunTime:0.013001s ]
NOTIC: [8192] mysql_connect(): The mysql extension is deprecated and will be removed in the future: use mysqli or PDO instead C:\wamp\www\tourism\ThinkPHP\Library\Think\Db\Driver\Mysql.class.php 第 52 行.
SQL: SHOW COLUMNS FROM `tv_ucenter_member` [ RunTime:0.013001s ]
SQL: UPDATE `tv_ucenter_member` SET `username`='asdasd',`mobile`='18588613273',`password`='a3dc31213569fc5b641eed693f289bb5' WHERE ( id=48 ) [ RunTime:0.007000s ]
SQL: SHOW COLUMNS FROM `tv_member` [ RunTime:0.010001s ]
SQL: UPDATE `tv_member` SET `realname`='12',`nickname`='asdasd' WHERE ( uid=48 ) [ RunTime:0.008001s ]

[ 2015-08-31T16:20:34+08:00 ] 127.0.0.1 /index.php?s=/region/action.html&parent_id=1&type=1
INFO: [ app_begin ] --START--
INFO: Run Think\Behavior\ReadHtmlCache [ RunTime:0.000000s ]
INFO: [ app_begin ] --END-- [ RunTime:0.001000s ]
INFO: [ action_begin ] --START--
INFO: [ action_begin ] --END-- [ RunTime:0.000000s ]
NOTIC: [8192] mysql_connect(): The mysql extension is deprecated and will be removed in the future: use mysqli or PDO instead C:\wamp\www\tourism\ThinkPHP\Library\Think\Db\Driver\Mysql.class.php 第 52 行.
SQL: SHOW COLUMNS FROM `tv_global_region` [ RunTime:0.019001s ]
SQL: SELECT * FROM `tv_global_region` WHERE ( parent_id=1 and region_type=1 )  [ RunTime:0.012001s ]
INFO: [ app_end ] --START--
INFO: Run Think\Behavior\ShowPageTrace [ RunTime:0.000000s ]
INFO: [ app_end ] --END-- [ RunTime:0.000000s ]

[ 2015-08-31T16:20:34+08:00 ] 127.0.0.1 /index.php?s=/region/action.html&parent_id=4&type=2
INFO: [ app_begin ] --START--
INFO: Run Think\Behavior\ReadHtmlCache [ RunTime:0.000000s ]
INFO: [ app_begin ] --END-- [ RunTime:0.000000s ]
INFO: [ action_begin ] --START--
INFO: [ action_begin ] --END-- [ RunTime:0.000000s ]
NOTIC: [8192] mysql_connect(): The mysql extension is deprecated and will be removed in the future: use mysqli or PDO instead C:\wamp\www\tourism\ThinkPHP\Library\Think\Db\Driver\Mysql.class.php 第 52 行.
SQL: SHOW COLUMNS FROM `tv_global_region` [ RunTime:0.013001s ]
SQL: SELECT * FROM `tv_global_region` WHERE ( parent_id=4 and region_type=2 )  [ RunTime:0.007000s ]
INFO: [ app_end ] --START--
INFO: Run Think\Behavior\ShowPageTrace [ RunTime:0.001000s ]
INFO: [ app_end ] --END-- [ RunTime:0.001000s ]

[ 2015-08-31T16:20:34+08:00 ] 127.0.0.1 /index.php?s=/region/action.html&parent_id=56&type=3
INFO: [ app_begin ] --START--
INFO: Run Think\Behavior\ReadHtmlCache [ RunTime:0.001000s ]
INFO: [ app_begin ] --END-- [ RunTime:0.001000s ]
INFO: [ action_begin ] --START--
INFO: [ action_begin ] --END-- [ RunTime:0.000000s ]
NOTIC: [8192] mysql_connect(): The mysql extension is deprecated and will be removed in the future: use mysqli or PDO instead C:\wamp\www\tourism\ThinkPHP\Library\Think\Db\Driver\Mysql.class.php 第 52 行.
SQL: SHOW COLUMNS FROM `tv_global_region` [ RunTime:0.017001s ]
SQL: SELECT * FROM `tv_global_region` WHERE ( parent_id=56 and region_type=3 )  [ RunTime:0.009000s ]
INFO: [ app_end ] --START--
INFO: Run Think\Behavior\ShowPageTrace [ RunTime:0.000000s ]
INFO: [ app_end ] --END-- [ RunTime:0.001000s ]

[ 2015-08-31T16:28:22+08:00 ] 127.0.0.1 /index.php?s=/home/index.html
INFO: [ app_begin ] --START--
INFO: Run Think\Behavior\ReadHtmlCache [ RunTime:0.000000s ]
INFO: [ app_begin ] --END-- [ RunTime:0.002000s ]
INFO: [ action_begin ] --START--
INFO: [ action_begin ] --END-- [ RunTime:0.001000s ]
NOTIC: [8192] mysql_connect(): The mysql extension is deprecated and will be removed in the future: use mysqli or PDO instead C:\wamp\www\tourism\ThinkPHP\Library\Think\Db\Driver\Mysql.class.php 第 52 行.
SQL: SHOW COLUMNS FROM `tv_home_img_config` [ RunTime:0.009000s ]
SQL: SELECT * FROM `tv_home_img_config` WHERE ( type = 4 ) LIMIT 4   [ RunTime:0.009001s ]
SQL: UPDATE `tv_home_img_config` SET `img_url`='206',`title`='带着您的情人去旅行',`status`='1',`update_time`=1441009702 WHERE ( `id` = 1 ) [ RunTime:0.014001s ]
SQL: UPDATE `tv_home_img_config` SET `img_url`='207',`title`='带着你的家人去旅行',`status`='1',`update_time`=1441009702 WHERE ( `id` = 2 ) [ RunTime:0.113007s ]
SQL: UPDATE `tv_home_img_config` SET `img_url`='208',`title`='我要自由行',`status`='1',`update_time`=1441009702 WHERE ( `id` = 3 ) [ RunTime:0.012000s ]

[ 2015-08-31T16:29:22+08:00 ] 127.0.0.1 /index.php?s=/home/protyp.html
INFO: [ app_begin ] --START--
INFO: Run Think\Behavior\ReadHtmlCache [ RunTime:0.001000s ]
INFO: [ app_begin ] --END-- [ RunTime:0.002000s ]
INFO: [ action_begin ] --START--
INFO: [ action_begin ] --END-- [ RunTime:0.000000s ]
NOTIC: [8192] mysql_connect(): The mysql extension is deprecated and will be removed in the future: use mysqli or PDO instead C:\wamp\www\tourism\ThinkPHP\Library\Think\Db\Driver\Mysql.class.php 第 52 行.
SQL: SHOW COLUMNS FROM `tv_home_img_config` [ RunTime:0.007000s ]
SQL: SELECT * FROM `tv_home_img_config` WHERE ( type in (1,2,3,5) ) ORDER BY type = 1 DESC,type=2 DESC,type=3 DESC,type=5 desc LIMIT 4   [ RunTime:0.009001s ]
SQL: UPDATE `tv_home_img_config` SET `img_url`='213',`title`='最美住宿 ',`status`='1',`update_time`=1441009761 WHERE ( `id` = 4 ) [ RunTime:0.012000s ]
SQL: UPDATE `tv_home_img_config` SET `img_url`='210',`title`='吃货必去 ',`status`='1',`update_time`=1441009761 WHERE ( `id` = 5 ) [ RunTime:0.012001s ]
SQL: UPDATE `tv_home_img_config` SET `img_url`='211',`title`='尽情玩耍',`status`='1',`update_time`=1441009762 WHERE ( `id` = 6 ) [ RunTime:0.010001s ]
SQL: UPDATE `tv_home_img_config` SET `img_url`='212',`title`='美中行走',`status`='1',`update_time`=1441009762 WHERE ( `id` = 7 ) [ RunTime:0.009000s ]

[ 2015-08-31T16:38:20+08:00 ] 127.0.0.1 /index.php?s=/home/imguplode.html
INFO: [ app_begin ] --START--
INFO: Run Think\Behavior\ReadHtmlCache [ RunTime:0.001000s ]
INFO: [ app_begin ] --END-- [ RunTime:0.001000s ]
INFO: [ action_begin ] --START--
INFO: [ action_begin ] --END-- [ RunTime:0.000000s ]
NOTIC: [8] Undefined property: ORG\Util\ImgUpload::$toFile C:\wamp\www\tourism\Application\ORG\Util\ImgUpload.class.php 第 123 行.
NOTIC: [8] Undefined offset: 1 C:\wamp\www\tourism\Application\ORG\Util\ImgUpload.class.php 第 179 行.
NOTIC: [8192] mysql_connect(): The mysql extension is deprecated and will be removed in the future: use mysqli or PDO instead C:\wamp\www\tourism\ThinkPHP\Library\Think\Db\Driver\Mysql.class.php 第 52 行.
SQL: SHOW COLUMNS FROM `tv_img` [ RunTime:0.009000s ]
SQL: INSERT INTO `tv_img` (`url`,`insert_time`) VALUES ('./Uploads/home/1441010300.jpg',1441010300) [ RunTime:0.009000s ]

[ 2015-08-31T16:38:24+08:00 ] 127.0.0.1 /index.php?s=/home/imguplode.html
INFO: [ app_begin ] --START--
INFO: Run Think\Behavior\ReadHtmlCache [ RunTime:0.001000s ]
INFO: [ app_begin ] --END-- [ RunTime:0.001000s ]
INFO: [ action_begin ] --START--
INFO: [ action_begin ] --END-- [ RunTime:0.000000s ]
NOTIC: [8] Undefined property: ORG\Util\ImgUpload::$toFile C:\wamp\www\tourism\Application\ORG\Util\ImgUpload.class.php 第 123 行.
NOTIC: [8] Undefined offset: 1 C:\wamp\www\tourism\Application\ORG\Util\ImgUpload.class.php 第 179 行.
NOTIC: [8192] mysql_connect(): The mysql extension is deprecated and will be removed in the future: use mysqli or PDO instead C:\wamp\www\tourism\ThinkPHP\Library\Think\Db\Driver\Mysql.class.php 第 52 行.
SQL: SHOW COLUMNS FROM `tv_img` [ RunTime:0.011001s ]
SQL: INSERT INTO `tv_img` (`url`,`insert_time`) VALUES ('./Uploads/home/1441010304.jpg',1441010304) [ RunTime:0.008000s ]

[ 2015-08-31T16:38:27+08:00 ] 127.0.0.1 /index.php?s=/home/imguplode.html
INFO: [ app_begin ] --START--
INFO: Run Think\Behavior\ReadHtmlCache [ RunTime:0.001000s ]
INFO: [ app_begin ] --END-- [ RunTime:0.001000s ]
INFO: [ action_begin ] --START--
INFO: [ action_begin ] --END-- [ RunTime:0.000000s ]
NOTIC: [8] Undefined property: ORG\Util\ImgUpload::$toFile C:\wamp\www\tourism\Application\ORG\Util\ImgUpload.class.php 第 123 行.
NOTIC: [8] Undefined offset: 1 C:\wamp\www\tourism\Application\ORG\Util\ImgUpload.class.php 第 179 行.
NOTIC: [8192] mysql_connect(): The mysql extension is deprecated and will be removed in the future: use mysqli or PDO instead C:\wamp\www\tourism\ThinkPHP\Library\Think\Db\Driver\Mysql.class.php 第 52 行.
SQL: SHOW COLUMNS FROM `tv_img` [ RunTime:0.012000s ]
SQL: INSERT INTO `tv_img` (`url`,`insert_time`) VALUES ('./Uploads/home/1441010307.jpg',1441010307) [ RunTime:0.015001s ]

[ 2015-08-31T16:39:14+08:00 ] 127.0.0.1 /index.php?s=/home/index.html
INFO: [ app_begin ] --START--
INFO: Run Think\Behavior\ReadHtmlCache [ RunTime:0.000000s ]
INFO: [ app_begin ] --END-- [ RunTime:0.001000s ]
INFO: [ action_begin ] --START--
INFO: [ action_begin ] --END-- [ RunTime:0.000000s ]
NOTIC: [8192] mysql_connect(): The mysql extension is deprecated and will be removed in the future: use mysqli or PDO instead C:\wamp\www\tourism\ThinkPHP\Library\Think\Db\Driver\Mysql.class.php 第 52 行.
SQL: SHOW COLUMNS FROM `tv_home_img_config` [ RunTime:0.011000s ]
SQL: SELECT * FROM `tv_home_img_config` WHERE ( type = 4 ) LIMIT 4   [ RunTime:0.016001s ]
SQL: UPDATE `tv_home_img_config` SET `img_url`='348',`title`='亲友自由行精选路线',`retitle`='亲友自由行精选路线',`status`='1',`update_time`=1441010354 WHERE ( `id` = 1 ) [ RunTime:0.012000s ]
SQL: UPDATE `tv_home_img_config` SET `img_url`='349',`title`='结伴自由行你我相随',`retitle`='自由结伴，分享你我',`status`='1',`update_time`=1441010354 WHERE ( `id` = 2 ) [ RunTime:0.009000s ]
SQL: UPDATE `tv_home_img_config` SET `img_url`='350',`title`='成功靠朋友,成就靠团队.',`retitle`='团队自由行攻略',`status`='1',`update_time`=1441010354 WHERE ( `id` = 3 ) [ RunTime:0.008001s ]

[ 2015-08-31T16:39:46+08:00 ] 127.0.0.1 /index.php?s=/home/imguplode.html
INFO: [ app_begin ] --START--
INFO: Run Think\Behavior\ReadHtmlCache [ RunTime:0.001000s ]
INFO: [ app_begin ] --END-- [ RunTime:0.002000s ]
INFO: [ action_begin ] --START--
INFO: [ action_begin ] --END-- [ RunTime:0.001000s ]
NOTIC: [8] Undefined property: ORG\Util\ImgUpload::$toFile C:\wamp\www\tourism\Application\ORG\Util\ImgUpload.class.php 第 123 行.
NOTIC: [8] Undefined offset: 1 C:\wamp\www\tourism\Application\ORG\Util\ImgUpload.class.php 第 179 行.
NOTIC: [8192] mysql_connect(): The mysql extension is deprecated and will be removed in the future: use mysqli or PDO instead C:\wamp\www\tourism\ThinkPHP\Library\Think\Db\Driver\Mysql.class.php 第 52 行.
SQL: SHOW COLUMNS FROM `tv_img` [ RunTime:0.016001s ]
SQL: INSERT INTO `tv_img` (`url`,`insert_time`) VALUES ('./Uploads/home/1441010385.jpg',1441010386) [ RunTime:0.014001s ]

[ 2015-08-31T16:39:49+08:00 ] 127.0.0.1 /index.php?s=/home/imguplode.html
INFO: [ app_begin ] --START--
INFO: Run Think\Behavior\ReadHtmlCache [ RunTime:0.000000s ]
INFO: [ app_begin ] --END-- [ RunTime:0.000000s ]
INFO: [ action_begin ] --START--
INFO: [ action_begin ] --END-- [ RunTime:0.001000s ]
NOTIC: [8] Undefined property: ORG\Util\ImgUpload::$toFile C:\wamp\www\tourism\Application\ORG\Util\ImgUpload.class.php 第 123 行.
NOTIC: [8] Undefined offset: 1 C:\wamp\www\tourism\Application\ORG\Util\ImgUpload.class.php 第 179 行.
NOTIC: [8192] mysql_connect(): The mysql extension is deprecated and will be removed in the future: use mysqli or PDO instead C:\wamp\www\tourism\ThinkPHP\Library\Think\Db\Driver\Mysql.class.php 第 52 行.
SQL: SHOW COLUMNS FROM `tv_img` [ RunTime:0.027001s ]
SQL: INSERT INTO `tv_img` (`url`,`insert_time`) VALUES ('./Uploads/home/1441010388.jpg',1441010389) [ RunTime:0.025002s ]

[ 2015-08-31T16:39:51+08:00 ] 127.0.0.1 /index.php?s=/home/imguplode.html
INFO: [ app_begin ] --START--
INFO: Run Think\Behavior\ReadHtmlCache [ RunTime:0.000000s ]
INFO: [ app_begin ] --END-- [ RunTime:0.001000s ]
INFO: [ action_begin ] --START--
INFO: [ action_begin ] --END-- [ RunTime:0.000000s ]
NOTIC: [8] Undefined property: ORG\Util\ImgUpload::$toFile C:\wamp\www\tourism\Application\ORG\Util\ImgUpload.class.php 第 123 行.
NOTIC: [8] Undefined offset: 1 C:\wamp\www\tourism\Application\ORG\Util\ImgUpload.class.php 第 179 行.
NOTIC: [8192] mysql_connect(): The mysql extension is deprecated and will be removed in the future: use mysqli or PDO instead C:\wamp\www\tourism\ThinkPHP\Library\Think\Db\Driver\Mysql.class.php 第 52 行.
SQL: SHOW COLUMNS FROM `tv_img` [ RunTime:0.021002s ]
SQL: INSERT INTO `tv_img` (`url`,`insert_time`) VALUES ('./Uploads/home/1441010391.jpg',1441010391) [ RunTime:0.021001s ]

[ 2015-08-31T16:39:53+08:00 ] 127.0.0.1 /index.php?s=/home/index.html
INFO: [ app_begin ] --START--
INFO: Run Think\Behavior\ReadHtmlCache [ RunTime:0.000000s ]
INFO: [ app_begin ] --END-- [ RunTime:0.001001s ]
INFO: [ action_begin ] --START--
INFO: [ action_begin ] --END-- [ RunTime:0.000000s ]
NOTIC: [8192] mysql_connect(): The mysql extension is deprecated and will be removed in the future: use mysqli or PDO instead C:\wamp\www\tourism\ThinkPHP\Library\Think\Db\Driver\Mysql.class.php 第 52 行.
SQL: SHOW COLUMNS FROM `tv_home_img_config` [ RunTime:0.010001s ]
SQL: SELECT * FROM `tv_home_img_config` WHERE ( type = 4 ) LIMIT 4   [ RunTime:0.010001s ]
SQL: UPDATE `tv_home_img_config` SET `img_url`='351',`title`='亲友自由行精选路线',`retitle`='亲友自由行精选路线',`status`='1',`update_time`=1441010393 WHERE ( `id` = 1 ) [ RunTime:0.009000s ]
SQL: UPDATE `tv_home_img_config` SET `img_url`='352',`title`='结伴自由行你我相随',`retitle`='自由结伴，分享你我',`status`='1',`update_time`=1441010393 WHERE ( `id` = 2 ) [ RunTime:0.012001s ]
SQL: UPDATE `tv_home_img_config` SET `img_url`='353',`title`='成功靠朋友,成就靠团队.',`retitle`='团队自由行攻略',`status`='1',`update_time`=1441010393 WHERE ( `id` = 3 ) [ RunTime:0.010001s ]

[ 2015-08-31T16:44:52+08:00 ] 127.0.0.1 /index.php?s=/home/imguplode.html
INFO: [ app_begin ] --START--
INFO: Run Think\Behavior\ReadHtmlCache [ RunTime:0.000000s ]
INFO: [ app_begin ] --END-- [ RunTime:0.001000s ]
INFO: [ action_begin ] --START--
INFO: [ action_begin ] --END-- [ RunTime:0.000000s ]
NOTIC: [8] Undefined property: ORG\Util\ImgUpload::$toFile C:\wamp\www\tourism\Application\ORG\Util\ImgUpload.class.php 第 123 行.
NOTIC: [8] Undefined offset: 1 C:\wamp\www\tourism\Application\ORG\Util\ImgUpload.class.php 第 179 行.
NOTIC: [8192] mysql_connect(): The mysql extension is deprecated and will be removed in the future: use mysqli or PDO instead C:\wamp\www\tourism\ThinkPHP\Library\Think\Db\Driver\Mysql.class.php 第 52 行.
SQL: SHOW COLUMNS FROM `tv_img` [ RunTime:0.015001s ]
SQL: INSERT INTO `tv_img` (`url`,`insert_time`) VALUES ('./Uploads/home/1441010692.jpg',1441010692) [ RunTime:0.012001s ]

[ 2015-08-31T16:44:56+08:00 ] 127.0.0.1 /index.php?s=/home/imguplode.html
INFO: [ app_begin ] --START--
INFO: Run Think\Behavior\ReadHtmlCache [ RunTime:0.001000s ]
INFO: [ app_begin ] --END-- [ RunTime:0.001000s ]
INFO: [ action_begin ] --START--
INFO: [ action_begin ] --END-- [ RunTime:0.000000s ]
NOTIC: [8] Undefined property: ORG\Util\ImgUpload::$toFile C:\wamp\www\tourism\Application\ORG\Util\ImgUpload.class.php 第 123 行.
NOTIC: [8] Undefined offset: 1 C:\wamp\www\tourism\Application\ORG\Util\ImgUpload.class.php 第 179 行.
NOTIC: [8192] mysql_connect(): The mysql extension is deprecated and will be removed in the future: use mysqli or PDO instead C:\wamp\www\tourism\ThinkPHP\Library\Think\Db\Driver\Mysql.class.php 第 52 行.
SQL: SHOW COLUMNS FROM `tv_img` [ RunTime:0.010001s ]
SQL: INSERT INTO `tv_img` (`url`,`insert_time`) VALUES ('./Uploads/home/1441010696.jpg',1441010696) [ RunTime:0.006000s ]

[ 2015-08-31T16:44:59+08:00 ] 127.0.0.1 /index.php?s=/home/imguplode.html
INFO: [ app_begin ] --START--
INFO: Run Think\Behavior\ReadHtmlCache [ RunTime:0.000000s ]
INFO: [ app_begin ] --END-- [ RunTime:0.002000s ]
INFO: [ action_begin ] --START--
INFO: [ action_begin ] --END-- [ RunTime:0.001000s ]
NOTIC: [8] Undefined property: ORG\Util\ImgUpload::$toFile C:\wamp\www\tourism\Application\ORG\Util\ImgUpload.class.php 第 123 行.
NOTIC: [8] Undefined offset: 1 C:\wamp\www\tourism\Application\ORG\Util\ImgUpload.class.php 第 179 行.
NOTIC: [8192] mysql_connect(): The mysql extension is deprecated and will be removed in the future: use mysqli or PDO instead C:\wamp\www\tourism\ThinkPHP\Library\Think\Db\Driver\Mysql.class.php 第 52 行.
SQL: SHOW COLUMNS FROM `tv_img` [ RunTime:0.029002s ]
SQL: INSERT INTO `tv_img` (`url`,`insert_time`) VALUES ('./Uploads/home/1441010699.jpg',1441010699) [ RunTime:0.034002s ]

[ 2015-08-31T16:45:03+08:00 ] 127.0.0.1 /index.php?s=/home/imguplode.html
INFO: [ app_begin ] --START--
INFO: Run Think\Behavior\ReadHtmlCache [ RunTime:0.000000s ]
INFO: [ app_begin ] --END-- [ RunTime:0.001000s ]
INFO: [ action_begin ] --START--
INFO: [ action_begin ] --END-- [ RunTime:0.000000s ]
NOTIC: [8] Undefined property: ORG\Util\ImgUpload::$toFile C:\wamp\www\tourism\Application\ORG\Util\ImgUpload.class.php 第 123 行.
NOTIC: [8] Undefined offset: 1 C:\wamp\www\tourism\Application\ORG\Util\ImgUpload.class.php 第 179 行.
NOTIC: [8192] mysql_connect(): The mysql extension is deprecated and will be removed in the future: use mysqli or PDO instead C:\wamp\www\tourism\ThinkPHP\Library\Think\Db\Driver\Mysql.class.php 第 52 行.
SQL: SHOW COLUMNS FROM `tv_img` [ RunTime:0.009001s ]
SQL: INSERT INTO `tv_img` (`url`,`insert_time`) VALUES ('./Uploads/home/1441010702.jpg',1441010703) [ RunTime:0.009000s ]

[ 2015-08-31T16:45:04+08:00 ] 127.0.0.1 /index.php?s=/home/protyp.html
INFO: [ app_begin ] --START--
INFO: Run Think\Behavior\ReadHtmlCache [ RunTime:0.001000s ]
INFO: [ app_begin ] --END-- [ RunTime:0.001000s ]
INFO: [ action_begin ] --START--
INFO: [ action_begin ] --END-- [ RunTime:0.000000s ]
NOTIC: [8192] mysql_connect(): The mysql extension is deprecated and will be removed in the future: use mysqli or PDO instead C:\wamp\www\tourism\ThinkPHP\Library\Think\Db\Driver\Mysql.class.php 第 52 行.
SQL: SHOW COLUMNS FROM `tv_home_img_config` [ RunTime:0.018001s ]
SQL: SELECT * FROM `tv_home_img_config` WHERE ( type in (1,2,3,5) ) ORDER BY type = 1 DESC,type=2 DESC,type=3 DESC,type=5 desc LIMIT 4   [ RunTime:0.015001s ]
SQL: UPDATE `tv_home_img_config` SET `img_url`='357',`title`='最美住宿',`status`='1',`update_time`=1441010704 WHERE ( `id` = 4 ) [ RunTime:0.027002s ]
SQL: UPDATE `tv_home_img_config` SET `img_url`='358',`title`='吃货必去 ',`status`='1',`update_time`=1441010704 WHERE ( `id` = 5 ) [ RunTime:0.015001s ]
SQL: UPDATE `tv_home_img_config` SET `img_url`='359',`title`='尽情玩耍',`status`='1',`update_time`=1441010704 WHERE ( `id` = 6 ) [ RunTime:0.020001s ]
SQL: UPDATE `tv_home_img_config` SET `img_url`='360',`title`='美中行走',`status`='1',`update_time`=1441010704 WHERE ( `id` = 7 ) [ RunTime:0.032002s ]

[ 2015-08-31T16:59:47+08:00 ] 127.0.0.1 /index.php?s=/region/action.html&parent_id=1&type=1
INFO: [ app_begin ] --START--
INFO: Run Think\Behavior\ReadHtmlCache [ RunTime:0.000000s ]
INFO: [ app_begin ] --END-- [ RunTime:0.000000s ]
INFO: [ action_begin ] --START--
INFO: [ action_begin ] --END-- [ RunTime:0.000000s ]
NOTIC: [8192] mysql_connect(): The mysql extension is deprecated and will be removed in the future: use mysqli or PDO instead C:\wamp\www\tourism\ThinkPHP\Library\Think\Db\Driver\Mysql.class.php 第 52 行.
SQL: SHOW COLUMNS FROM `tv_global_region` [ RunTime:0.009001s ]
SQL: SELECT * FROM `tv_global_region` WHERE ( parent_id=1 and region_type=1 )  [ RunTime:0.011000s ]
INFO: [ app_end ] --START--
INFO: Run Think\Behavior\ShowPageTrace [ RunTime:0.000000s ]
INFO: [ app_end ] --END-- [ RunTime:0.000000s ]

[ 2015-08-31T16:59:47+08:00 ] 127.0.0.1 /index.php?s=/region/action.html&parent_id=4&type=2
INFO: [ app_begin ] --START--
INFO: Run Think\Behavior\ReadHtmlCache [ RunTime:0.000000s ]
INFO: [ app_begin ] --END-- [ RunTime:0.001000s ]
INFO: [ action_begin ] --START--
INFO: [ action_begin ] --END-- [ RunTime:0.000000s ]
NOTIC: [8192] mysql_connect(): The mysql extension is deprecated and will be removed in the future: use mysqli or PDO instead C:\wamp\www\tourism\ThinkPHP\Library\Think\Db\Driver\Mysql.class.php 第 52 行.
SQL: SHOW COLUMNS FROM `tv_global_region` [ RunTime:0.009000s ]
SQL: SELECT * FROM `tv_global_region` WHERE ( parent_id=4 and region_type=2 )  [ RunTime:0.007001s ]
INFO: [ app_end ] --START--
INFO: Run Think\Behavior\ShowPageTrace [ RunTime:0.000000s ]
INFO: [ app_end ] --END-- [ RunTime:0.000000s ]

[ 2015-08-31T16:59:47+08:00 ] 127.0.0.1 /index.php?s=/region/action.html&parent_id=56&type=3
INFO: [ app_begin ] --START--
INFO: Run Think\Behavior\ReadHtmlCache [ RunTime:0.000000s ]
INFO: [ app_begin ] --END-- [ RunTime:0.001000s ]
INFO: [ action_begin ] --START--
INFO: [ action_begin ] --END-- [ RunTime:0.000000s ]
NOTIC: [8192] mysql_connect(): The mysql extension is deprecated and will be removed in the future: use mysqli or PDO instead C:\wamp\www\tourism\ThinkPHP\Library\Think\Db\Driver\Mysql.class.php 第 52 行.
SQL: SHOW COLUMNS FROM `tv_global_region` [ RunTime:0.010000s ]
SQL: SELECT * FROM `tv_global_region` WHERE ( parent_id=56 and region_type=3 )  [ RunTime:0.032002s ]
INFO: [ app_end ] --START--
INFO: Run Think\Behavior\ShowPageTrace [ RunTime:0.000000s ]
INFO: [ app_end ] --END-- [ RunTime:0.000000s ]

[ 2015-08-31T17:05:26+08:00 ] 127.0.0.1 /index.php?s=%2Fhome%2Fupmember
ERR: 非法操作:index

[ 2015-08-31T19:20:00+08:00 ] 127.0.0.1 /index.php?s=/facilitator/public/login.html
INFO: [ app_begin ] --START--
INFO: Run Think\Behavior\ReadHtmlCache [ RunTime:0.000000s ]
INFO: [ app_begin ] --END-- [ RunTime:0.000000s ]
INFO: [ action_begin ] --START--
INFO: [ action_begin ] --END-- [ RunTime:0.000000s ]
NOTIC: [8192] mysql_connect(): The mysql extension is deprecated and will be removed in the future: use mysqli or PDO instead C:\wamp\www\tourism\ThinkPHP\Library\Think\Db\Driver\Mysql.class.php 第 52 行.
SQL: SHOW COLUMNS FROM `tv_ucenter_member` [ RunTime:0.013001s ]
SQL: SELECT * FROM `tv_ucenter_member` WHERE ( `mobile` = '1357853614' ) LIMIT 1   [ RunTime:0.010000s ]
SQL: UPDATE `tv_ucenter_member` SET `last_login_time`=1441020000,`last_login_ip`='2130706433' WHERE ( `id` = 49 ) [ RunTime:0.014001s ]
NOTIC: [8192] mysql_connect(): The mysql extension is deprecated and will be removed in the future: use mysqli or PDO instead C:\wamp\www\tourism\ThinkPHP\Library\Think\Db\Driver\Mysql.class.php 第 52 行.
SQL: SHOW COLUMNS FROM `tv_member` [ RunTime:0.009000s ]
SQL: SELECT `uid`,`face_max_url`,`face_min_url`,`hobby_id`,`realname`,`IDcard`,`nickname`,`sex`,`birthday`,`qq`,`score`,`login`,`reg_ip`,`reg_time`,`last_login_ip`,`last_login_time`,`update_time`,`type`,`vip_id`,`imei`,`mobile_model` FROM `tv_member` WHERE ( `uid` = 49 ) LIMIT 1   [ RunTime:0.010001s ]
SQL: SHOW COLUMNS FROM `tv_facilitator_data` [ RunTime:0.007000s ]
SQL: SELECT `id` FROM `tv_facilitator_data` WHERE ( status = 1 and uid = 49 ) LIMIT 1   [ RunTime:0.008001s ]

