[ 2015-09-09T09:28:31+08:00 ] 127.0.0.1 /index.php?s=/public/login.html
INFO: [ app_begin ] --START--
INFO: Run Think\Behavior\ReadHtmlCache [ RunTime:0.000000s ]
INFO: [ app_begin ] --END-- [ RunTime:0.002000s ]
INFO: [ action_begin ] --START--
INFO: [ action_begin ] --END-- [ RunTime:0.000000s ]
NOTIC: [8192] mysql_connect(): The mysql extension is deprecated and will be removed in the future: use mysqli or PDO instead C:\wamp\www\tourism\ThinkPHP\Library\Think\Db\Driver\Mysql.class.php Á¨¨ 52 Ë°å.
NOTIC: [2] mysql_connect():  C:\wamp\www\tourism\ThinkPHP\Library\Think\Db\Driver\Mysql.class.php Á¨¨ 52 Ë°å.
ERR: ”…”⁄¡¨Ω”∑Ω‘⁄“ª∂Œ ±º‰∫Û√ª”–’˝»∑¥∏¥ªÚ¡¨Ω”µƒ÷˜ª˙√ª”–∑¥”¶£¨¡¨Ω”≥¢ ‘ ß∞‹°£


[ 2015-09-09T09:31:45+08:00 ] 127.0.0.1 /index.php?s=/public/login.html
INFO: [ app_begin ] --START--
INFO: Run Think\Behavior\ReadHtmlCache [ RunTime:0.000000s ]
INFO: [ app_begin ] --END-- [ RunTime:0.001000s ]
INFO: [ action_begin ] --START--
INFO: [ action_begin ] --END-- [ RunTime:0.000000s ]

[ 2015-09-09T09:31:50+08:00 ] 127.0.0.1 /index.php?s=/public/login.html
INFO: [ app_begin ] --START--
INFO: Run Think\Behavior\ReadHtmlCache [ RunTime:0.000000s ]
INFO: [ app_begin ] --END-- [ RunTime:0.001000s ]
INFO: [ action_begin ] --START--
INFO: [ action_begin ] --END-- [ RunTime:0.000000s ]

[ 2015-09-09T09:31:56+08:00 ] 127.0.0.1 /index.php?s=/public/login.html
INFO: [ app_begin ] --START--
INFO: Run Think\Behavior\ReadHtmlCache [ RunTime:0.000000s ]
INFO: [ app_begin ] --END-- [ RunTime:0.001000s ]
INFO: [ action_begin ] --START--
INFO: [ action_begin ] --END-- [ RunTime:0.000000s ]
NOTIC: [8192] mysql_connect(): The mysql extension is deprecated and will be removed in the future: use mysqli or PDO instead C:\wamp\www\tourism\ThinkPHP\Library\Think\Db\Driver\Mysql.class.php Á¨¨ 52 Ë°å.
SQL: SHOW COLUMNS FROM `tv_ucenter_member` [ RunTime:0.015600s ]
SQL: SELECT * FROM `tv_ucenter_member` WHERE ( `username` = 'admin' ) LIMIT 1   [ RunTime:0.015600s ]
SQL: UPDATE `tv_ucenter_member` SET `last_login_time`=1441762315,`last_login_ip`='2130706433' WHERE ( `id` = 1 ) [ RunTime:0.015600s ]
NOTIC: [8192] mysql_connect(): The mysql extension is deprecated and will be removed in the future: use mysqli or PDO instead C:\wamp\www\tourism\ThinkPHP\Library\Think\Db\Driver\Mysql.class.php Á¨¨ 52 Ë°å.
SQL: SHOW COLUMNS FROM `tv_member` [ RunTime:0.015600s ]
SQL: SELECT `uid`,`face_max_url`,`face_min_url`,`hobby_id`,`realname`,`IDcard`,`nickname`,`sex`,`birthday`,`qq`,`score`,`login`,`reg_ip`,`reg_time`,`last_login_ip`,`last_login_time`,`update_time`,`type`,`vip_id`,`imei`,`mobile_model` FROM `tv_member` WHERE ( `uid` = 1 ) LIMIT 1   [ RunTime:0.031200s ]
SQL: SHOW COLUMNS FROM `tv_action` [ RunTime:0.000000s ]
SQL: SELECT * FROM `tv_action` WHERE ( `name` = 'user_login' ) LIMIT 1   [ RunTime:0.000000s ]
SQL: UPDATE `tv_member` SET `login`=`login`+1,`last_login_time`=1441762315,`last_login_ip`='2130706433' WHERE ( `uid` = 1 ) [ RunTime:0.018601s ]

[ 2015-09-09T12:02:42+08:00 ] 127.0.0.1 /index.php?s=/public/login.html
INFO: [ app_begin ] --START--
INFO: Run Think\Behavior\ReadHtmlCache [ RunTime:0.000000s ]
INFO: [ app_begin ] --END-- [ RunTime:0.000000s ]
INFO: [ action_begin ] --START--
INFO: [ action_begin ] --END-- [ RunTime:0.000000s ]
NOTIC: [8192] mysql_connect(): The mysql extension is deprecated and will be removed in the future: use mysqli or PDO instead C:\wamp\www\tourism\ThinkPHP\Library\Think\Db\Driver\Mysql.class.php Á¨¨ 52 Ë°å.
SQL: SHOW COLUMNS FROM `tv_ucenter_member` [ RunTime:0.013001s ]
SQL: SELECT * FROM `tv_ucenter_member` WHERE ( `mobile` = '1357853614' ) LIMIT 1   [ RunTime:0.018001s ]
SQL: UPDATE `tv_ucenter_member` SET `last_login_time`=1441771362,`last_login_ip`='2130706433' WHERE ( `id` = 49 ) [ RunTime:0.017001s ]
NOTIC: [8192] mysql_connect(): The mysql extension is deprecated and will be removed in the future: use mysqli or PDO instead C:\wamp\www\tourism\ThinkPHP\Library\Think\Db\Driver\Mysql.class.php Á¨¨ 52 Ë°å.
SQL: SHOW COLUMNS FROM `tv_member` [ RunTime:0.019001s ]
SQL: SELECT `uid`,`face_max_url`,`face_min_url`,`hobby_id`,`realname`,`IDcard`,`nickname`,`sex`,`birthday`,`qq`,`score`,`login`,`reg_ip`,`reg_time`,`last_login_ip`,`last_login_time`,`update_time`,`type`,`vip_id`,`imei`,`mobile_model` FROM `tv_member` WHERE ( `uid` = 49 ) LIMIT 1   [ RunTime:0.014000s ]
SQL: SHOW COLUMNS FROM `tv_facilitator_data` [ RunTime:0.020001s ]
SQL: SELECT `id` FROM `tv_facilitator_data` WHERE ( status = 1 and uid = 49 ) LIMIT 1   [ RunTime:0.036002s ]
SQL: SHOW COLUMNS FROM `tv_action` [ RunTime:0.019001s ]
SQL: SELECT * FROM `tv_action` WHERE ( `name` = 'user_login' ) LIMIT 1   [ RunTime:0.017001s ]
SQL: UPDATE `tv_member` SET `login`=`login`+1,`last_login_time`=1441771362,`last_login_ip`='2130706433' WHERE ( `uid` = 49 ) [ RunTime:0.008001s ]

[ 2015-09-09T12:02:50+08:00 ] 127.0.0.1 /index.php
NOTIC: DÊñπÊ≥ïÂÆû‰æãÂåñÊ≤°ÊâæÂà∞Ê®°ÂûãÁ±ªFacilitator\Model\MenuModel
ERR: Think\Model:getPathÊÇ®ÊâÄËØ∑Ê±ÇÁöÑÊñπÊ≥ï‰∏çÂ≠òÂú®ÔºÅ

[ 2015-09-09T12:02:59+08:00 ] 127.0.0.1 /
NOTIC: DÊñπÊ≥ïÂÆû‰æãÂåñÊ≤°ÊâæÂà∞Ê®°ÂûãÁ±ªFacilitator\Model\MenuModel
ERR: Think\Model:getPathÊÇ®ÊâÄËØ∑Ê±ÇÁöÑÊñπÊ≥ï‰∏çÂ≠òÂú®ÔºÅ

[ 2015-09-09T12:03:17+08:00 ] 127.0.0.1 /
NOTIC: DÊñπÊ≥ïÂÆû‰æãÂåñÊ≤°ÊâæÂà∞Ê®°ÂûãÁ±ªFacilitator\Model\MenuModel
ERR: Think\Model:getPathÊÇ®ÊâÄËØ∑Ê±ÇÁöÑÊñπÊ≥ï‰∏çÂ≠òÂú®ÔºÅ

[ 2015-09-09T12:33:32+08:00 ] 127.0.0.1 /index.php?s=/public/login.html
INFO: [ app_begin ] --START--
INFO: Run Think\Behavior\ReadHtmlCache [ RunTime:0.000000s ]
INFO: [ app_begin ] --END-- [ RunTime:0.001000s ]
INFO: [ action_begin ] --START--
INFO: [ action_begin ] --END-- [ RunTime:0.000000s ]
NOTIC: [8192] mysql_connect(): The mysql extension is deprecated and will be removed in the future: use mysqli or PDO instead C:\wamp\www\tourism\ThinkPHP\Library\Think\Db\Driver\Mysql.class.php Á¨¨ 52 Ë°å.
SQL: SHOW COLUMNS FROM `tv_ucenter_member` [ RunTime:0.008000s ]
SQL: SELECT * FROM `tv_ucenter_member` WHERE ( `username` = 'admin' ) LIMIT 1   [ RunTime:0.008000s ]
SQL: UPDATE `tv_ucenter_member` SET `last_login_time`=1441773211,`last_login_ip`='2130706433' WHERE ( `id` = 1 ) [ RunTime:0.006000s ]
NOTIC: [8192] mysql_connect(): The mysql extension is deprecated and will be removed in the future: use mysqli or PDO instead C:\wamp\www\tourism\ThinkPHP\Library\Think\Db\Driver\Mysql.class.php Á¨¨ 52 Ë°å.
SQL: SHOW COLUMNS FROM `tv_member` [ RunTime:0.010001s ]
SQL: SELECT `uid`,`face_max_url`,`face_min_url`,`hobby_id`,`realname`,`IDcard`,`nickname`,`sex`,`birthday`,`qq`,`score`,`login`,`reg_ip`,`reg_time`,`last_login_ip`,`last_login_time`,`update_time`,`type`,`vip_id`,`imei`,`mobile_model` FROM `tv_member` WHERE ( `uid` = 1 ) LIMIT 1   [ RunTime:0.008001s ]
SQL: SHOW COLUMNS FROM `tv_action` [ RunTime:0.007000s ]
SQL: SELECT * FROM `tv_action` WHERE ( `name` = 'user_login' ) LIMIT 1   [ RunTime:0.008001s ]
SQL: UPDATE `tv_member` SET `login`=`login`+1,`last_login_time`=1441773211,`last_login_ip`='2130706433' WHERE ( `uid` = 1 ) [ RunTime:0.006000s ]

[ 2015-09-09T17:19:27+08:00 ] 127.0.0.1 /index.php?s=%2Fhome%2Fhome%2FUcenter%2Fvoucher%2Fstatus%2F1
ERR: ÈùûÊ≥ïÊìç‰Ωú:ucenter

